Arguments: 
  /usr/local/lib/node_modules/node/lib/node_modules/node/lib/node_modules/node/lib/node_modules/node/lib/node_modules/node/bin/node /usr/local/bin/yarnpkg add expo-haptics@~11.1.0

PATH: 
  /opt/homebrew/bin:/opt/homebrew/sbin:/usr/local/bin:/usr/bin:/bin:/usr/sbin:/sbin:/usr/local/share/dotnet:~/.dotnet/tools:/Library/Apple/usr/bin:/Library/Frameworks/Mono.framework/Versions/Current/Commands:/Users/tamir/Library/Android/sdk/platform-tools:/opt/homebrew/bin:/opt/homebrew/sbin

Yarn version: 
  1.22.5

Node version: 
  14.19.0

Platform: 
  darwin x64

Trace: 
  Error: EACCES: permission denied, mkdir '/Users/tamir/Lit/NodeView/Node-View-Expo/node_modules/jest-haste-map/node_modules/fill-range'

npm manifest: 
  {
    "main": "node_modules/expo/AppEntry.js",
    "scripts": {
      "start": "expo start",
      "android": "expo start --android",
      "ios": "expo start --ios",
      "web": "expo start --web",
      "eject": "expo eject"
    },
    "dependencies": {
      "expo": "^44.0.0",
      "expo-blur": "~11.0.0",
      "expo-image-manipulator": "~10.2.0",
      "expo-linear-gradient": "~11.0.3",
      "mobx": "^6.5.0",
      "mobx-react-lite": "^3.3.0",
      "react": "17.0.1",
      "react-dom": "17.0.1",
      "react-native": "0.64.3",
      "react-native-gesture-handler": "~2.1.0",
      "react-native-get-random-values": "^1.7.2",
      "react-native-reanimated": "~2.3.1",
      "react-native-svg": "12.1.1",
      "react-native-web": "0.17.1",
      "svg-path-properties": "^1.0.11",
      "uuid": "^8.3.2"
    },
    "devDependencies": {
      "@babel/core": "^7.12.9",
      "@types/react": "~17.0.21",
      "@types/react-native": "~0.64.12",
      "@types/uuid": "^8.3.4",
      "typescript": "~4.3.5"
    },
    "private": true
  }

yarn manifest: 
  No manifest

Lockfile: 
  
